[33mDEBUG: [0m2024/12/16 09:57:45 config.go:78: Initializing configuration for environment: development
[33mDEBUG: [0m2024/12/16 09:57:45 config.go:84: Database URL loaded from environment
[32mINFO: [0m2024/12/16 09:57:45 config.go:87: Initializing database connection...
[32mINFO: [0m2024/12/16 09:57:45 config.go:95: Database connection established successfully
[33mDEBUG: [0m2024/12/16 09:57:45 config.go:103: Base configuration created: &{DBConfig:0xc0000b5360 ClientURL:http://localhost:3000 APIHost:localhost APIPort:8080}
[32mINFO: [0m2024/12/16 10:01:35 config.go:87: Initializing database connection...
[32mINFO: [0m2024/12/16 10:01:35 config.go:95: Database connection established successfully
[33mDEBUG: [0m2024/12/16 10:11:33 config.go:78: Initializing configuration for environment: development
[31mERROR: [0m2024/12/16 10:11:33 config.go:82: DB_URL environment variable is not set in .env.development
[33mDEBUG: [0m2024/12/16 10:20:44 config.go:78: Initializing configuration for environment: development
[33mDEBUG: [0m2024/12/16 10:20:44 config.go:84: Database URL loaded from environment
[32mINFO: [0m2024/12/16 10:20:44 config.go:93: Database connection established successfully
[33mDEBUG: [0m2024/12/16 10:20:44 config.go:101: Base configuration created: &{DBConfig:0xc00004fb80 ClientURL:http://localhost:3000 APIHost:localhost APIPort:8080}
[32mINFO: [0m2024/12/16 10:20:44 main.go:35: Initializing server on port: 8080
[33mDEBUG: [0m2024/12/16 10:20:44 main.go:42: Routes configured. API path: /api/v1/
[32mINFO: [0m2024/12/16 10:20:44 main.go:80: Server ready in 4.221568ms
[32mINFO: [0m2024/12/16 10:21:05 main.go:93: Shutdown signal received
[32mINFO: [0m2024/12/16 10:21:05 main.go:104: Server gracefully stopped
[33mDEBUG: [0m2024/12/16 10:22:53 config.go:78: Initializing configuration for environment: development
[33mDEBUG: [0m2024/12/16 10:22:53 config.go:84: Database URL loaded from environment
[32mINFO: [0m2024/12/16 10:22:53 config.go:93: Database connection established successfully
[33mDEBUG: [0m2024/12/16 10:22:53 config.go:101: Base configuration created: &{DBConfig:0xc00004f3a0 ClientURL:http://localhost:3000 APIHost:localhost APIPort:8080}
[32mINFO: [0m2024/12/16 10:22:53 main.go:31: Initializing server on port: 8080
[33mDEBUG: [0m2024/12/16 10:22:53 main.go:38: Routes configured. API path: /api/v1/
[33mDEBUG: [0m2024/12/16 10:22:53 main.go:70: Health check endpoint: http://localhost:8080/api/v1/healthz
[32mINFO: [0m2024/12/16 10:22:53 main.go:63: Starting server...
[32mINFO: [0m2024/12/16 10:22:53 main.go:78: Server ready in 31.811797ms
[32mINFO: [0m2024/12/16 10:23:50 main.go:91: Shutdown signal received
[32mINFO: [0m2024/12/16 10:23:50 main.go:102: Server gracefully stopped
[33mDEBUG: [0m2024/12/16 11:00:00 config.go:78: Initializing configuration for environment: development
[33mDEBUG: [0m2024/12/16 11:00:00 config.go:84: Database URL loaded from environment
[32mINFO: [0m2024/12/16 11:00:00 config.go:93: Database connection established successfully
[33mDEBUG: [0m2024/12/16 11:00:00 config.go:101: Base configuration created: &{DBConfig:0xc00004e830 ClientURL:http://localhost:3000 APIHost:localhost APIPort:8080}
[32mINFO: [0m2024/12/16 11:00:00 main.go:31: Initializing server on port: 8080
[33mDEBUG: [0m2024/12/16 11:00:00 main.go:38: Routes configured. API path: /api/v1/
[33mDEBUG: [0m2024/12/16 11:00:00 main.go:70: Health check endpoint: http://localhost:8080/api/v1/healthz
[32mINFO: [0m2024/12/16 11:00:00 main.go:63: Starting server...
[32mINFO: [0m2024/12/16 11:00:00 logging.go:44: 200 GET /api/v1/healthz 183.638µs
[32mINFO: [0m2024/12/16 11:00:00 main.go:78: Server ready in 185.919002ms
[32mINFO: [0m2024/12/16 11:00:52 main.go:91: Shutdown signal received
[32mINFO: [0m2024/12/16 11:00:52 main.go:102: Server gracefully stopped
[33mDEBUG: [0m2024/12/16 11:47:13 config.go:78: Initializing configuration for environment: development
[33mDEBUG: [0m2024/12/16 11:47:13 config.go:84: Database URL loaded from environment
[32mINFO: [0m2024/12/16 11:47:13 config.go:93: Database connection established successfully
[33mDEBUG: [0m2024/12/16 11:47:13 config.go:101: Base configuration created: &{DBConfig:0xc00029d3b0 ClientURL:http://localhost:3000 APIHost:localhost APIPort:8080}
[32mINFO: [0m2024/12/16 11:47:13 main.go:31: Initializing server on port: 8080
[33mDEBUG: [0m2024/12/16 11:47:13 main.go:38: Routes configured. API path: /api/v1/
[33mDEBUG: [0m2024/12/16 11:47:13 main.go:70: Health check endpoint: http://localhost:8080/api/v1/healthz
[32mINFO: [0m2024/12/16 11:47:13 main.go:63: Starting server...
[32mINFO: [0m2024/12/16 11:47:13 logging.go:44: 200 GET /api/v1/healthz 128.803µs
[32mINFO: [0m2024/12/16 11:47:13 main.go:78: Server ready in 57.52983ms
[32mINFO: [0m2024/12/16 11:47:19 main.go:91: Shutdown signal received
[32mINFO: [0m2024/12/16 11:47:19 main.go:102: Server gracefully stopped
[33mDEBUG: [0m2024/12/16 16:15:50 config.go:78: Initializing configuration for environment: development
[33mDEBUG: [0m2024/12/16 16:15:50 config.go:84: Database URL loaded from environment
[32mINFO: [0m2024/12/16 16:15:50 config.go:93: Database connection established successfully
[33mDEBUG: [0m2024/12/16 16:15:50 config.go:101: Base configuration created: &{DBConfig:0xc00004e820 ClientURL:http://localhost:3000 APIHost:localhost APIPort:8080}
[32mINFO: [0m2024/12/16 16:15:50 main.go:31: Initializing server on port: 8080
[33mDEBUG: [0m2024/12/16 16:15:50 main.go:38: Routes configured. API path: /api/v1/
[33mDEBUG: [0m2024/12/16 16:15:50 main.go:70: Health check endpoint: http://localhost:8080/api/v1/healthz
[32mINFO: [0m2024/12/16 16:15:50 main.go:63: Starting server...
[32mINFO: [0m2024/12/16 16:15:50 logging.go:44: 200 GET /api/v1/healthz 150.105µs
[32mINFO: [0m2024/12/16 16:15:50 main.go:78: Server ready in 74.857011ms
[32mINFO: [0m2024/12/16 16:16:00 main.go:91: Shutdown signal received
[32mINFO: [0m2024/12/16 16:16:00 main.go:102: Server gracefully stopped
